2024-03-24 14:51:18	error	service/user.go:31	parse json error
2024-03-24 14:55:17	error	service/user.go:31	parse json error
2024-03-24 14:57:38	error	service/user.go:31	parse json error
2024-03-24 15:02:33	error	service/user.go:31	parse json error
2024-03-24 15:03:22	error	service/user.go:40	mysql happen error
2024-03-25 19:07:47	error	service/user.go:43	parse json error
2024-03-25 19:08:25	error	service/user.go:103	parse json error
2024-03-25 19:14:19	error	service/user.go:103	parse json error
2024-03-25 20:08:33	error	service/user.go:103	parse json error
2024-03-26 14:15:07	error	service/user.go:43	parse json error
2024-03-26 14:17:26	error	service/user.go:43	parse json error
2024-03-26 14:18:08	error	service/user.go:43	parse json error
2024-03-26 14:18:10	error	service/user.go:43	parse json error
2024-03-26 14:18:25	error	service/user.go:43	parse json error
2024-03-26 14:20:57	error	service/user.go:43	parse json error
2024-03-26 14:28:36	error	service/user.go:43	parse json error
2024-03-26 14:31:51	error	service/user.go:43	parse json error
2024-03-26 14:32:16	error	service/user.go:43	parse json error
2024-03-26 14:32:18	error	service/user.go:43	parse json error
2024-03-26 14:37:32	error	service/user.go:44	parse json error
2024-03-26 14:37:34	error	service/user.go:44	parse json error
2024-03-26 14:37:35	error	service/user.go:44	parse json error
2024-03-26 14:39:50	error	service/user.go:44	parse json error
2024-03-26 14:44:09	error	service/user.go:44	parse json error
2024-03-26 14:49:22	error	service/user.go:45	parse json error
2024-03-26 15:48:26	error	middleware/auth.go:56	refresh token expire or parse token error
2024-03-26 15:50:55	error	middleware/auth.go:56	refresh token expire or parse token error
2024-03-26 15:52:05	error	service/user.go:104	parse json error
2024-03-26 15:59:23	error	service/user.go:104	parse json error
2024-03-26 16:00:46	error	service/user.go:105	parse json error
2024-03-26 16:15:11	error	middleware/auth.go:119	login move forward error
2024-03-26 16:16:15	error	middleware/auth.go:44	token不合法，请确认您是否登录
2024-03-26 16:16:15	error	middleware/auth.go:119	login move forward error
2024-03-26 19:52:20	error	middleware/auth.go:44	get id from token error	{"error": "token is expired by 3h37m30s"}
2024-03-26 20:02:11	error	middleware/auth.go:44	get id from token error	{"error": "token contains an invalid number of segments"}
2024-03-26 20:05:17	error	middleware/auth.go:44	get id from token error	{"error": "token contains an invalid number of segments"}
2024-03-26 20:47:27	error	middleware/auth.go:53	token不合法，请确认您是否登录
2024-03-26 21:19:29	error	service/user.go:104	password error
2024-03-30 15:57:58	error	controller/publish.go:17	用户未登录
2024-03-30 15:59:46	error	service/user.go:87	parse json error
2024-03-30 16:00:46	error	service/user.go:87	parse json error
2024-03-30 16:01:55	error	service/user.go:87	parse json error
2024-03-30 16:02:01	error	service/user.go:87	parse json error
2024-03-30 16:03:32	error	service/user.go:87	parse json error
2024-03-30 16:04:06	error	service/user.go:89	parse json error
2024-03-30 16:04:08	error	service/user.go:89	parse json error
2024-03-30 16:04:20	error	service/user.go:89	parse json error
2024-03-30 16:05:24	error	service/user.go:89	parse json error
2024-03-30 16:05:38	error	controller/publish.go:17	用户未登录
2024-03-30 16:06:27	error	controller/publish.go:17	用户未登录
2024-03-30 16:15:57	error	controller/publish.go:21	文件上传失败
2024-03-30 16:18:38	error	controller/publish.go:21	文件上传失败
2024-03-30 16:25:10	error	controller/publish.go:21	文件上传失败
2024-03-30 16:25:11	error	controller/publish.go:21	文件上传失败
2024-03-30 16:28:23	error	controller/publish.go:21	文件上传失败
2024-03-30 16:29:36	error	controller/publish.go:21	文件上传失败
2024-03-30 16:31:41	error	controller/publish.go:17	用户未登录
2024-03-30 16:33:05	error	controller/publish.go:21	文件上传失败
2024-03-30 16:38:34	error	controller/publish.go:21	文件上传失败
2024-03-30 16:41:55	error	controller/publish.go:21	文件上传失败
2024-03-30 16:43:44	error	controller/publish.go:21	文件上传失败
2024-03-30 16:44:23	error	controller/publish.go:21	文件上传失败
2024-03-30 16:53:34	error	oss/oss.go:54	put object error
2024-03-30 16:53:34	error	controller/publish.go:29	发布视频失败
2024-03-30 17:13:37	error	oss/oss.go:54	put object error
2024-03-30 17:13:37	error	controller/publish.go:29	发布视频失败
2024-03-30 19:39:43	error	controller/publish.go:17	用户未登录
2024-03-30 19:39:45	error	controller/publish.go:21	文件上传失败
2024-03-30 19:40:19	error	controller/publish.go:17	用户未登录
2024-03-30 19:40:19	error	controller/publish.go:21	文件上传失败
2024-03-30 19:40:44	error	controller/publish.go:17	用户未登录
2024-03-30 19:40:44	error	controller/publish.go:21	文件上传失败
2024-03-30 19:41:21	error	controller/publish.go:21	文件上传失败
2024-03-30 19:41:43	error	oss/oss.go:54	put object error
2024-03-30 19:41:43	error	controller/publish.go:29	发布视频失败
2024-03-30 19:54:15	error	oss/oss.go:54	put object error
2024-03-30 19:54:15	error	controller/publish.go:29	发布视频失败
2024-03-30 19:54:34	error	oss/oss.go:54	put object error
2024-03-30 19:54:34	error	controller/publish.go:29	发布视频失败
2024-03-30 19:58:16	error	oss/oss.go:54	put object error
2024-03-30 19:58:16	error	controller/publish.go:29	发布视频失败
2024-03-30 20:02:44	error	oss/oss.go:54	put object error
2024-03-30 20:02:44	error	controller/publish.go:29	发布视频失败
2024-03-30 20:02:49	error	oss/oss.go:54	put object error
2024-03-30 20:02:49	error	controller/publish.go:29	发布视频失败
2024-03-31 16:31:39	error	controller/comment.go:25	parse json error
2024-03-31 16:34:07	error	controller/comment.go:25	parse json error
2024-04-01 11:19:47	error	controller/comment.go:25	parse json error
2024-04-01 11:19:56	error	controller/comment.go:25	parse json error
2024-04-01 11:22:18	error	controller/comment.go:25	parse json error
2024-04-01 11:36:05	error	controller/comment.go:47	create comment error
2024-04-01 11:37:36	error	controller/comment.go:47	create comment error
2024-04-01 12:00:26	error	controller/comment.go:25	parse json error
2024-04-01 12:00:27	error	controller/comment.go:25	parse json error
2024-04-01 12:12:19	error	controller/comment.go:26	parse json error
2024-04-01 12:12:29	error	controller/comment.go:26	parse json error
2024-04-01 12:12:39	error	controller/comment.go:26	parse json error
2024-04-01 12:12:56	error	controller/comment.go:26	parse json error
2024-04-01 12:19:05	error	controller/comment.go:64	parse json error
2024-04-01 13:27:16	error	controller/comment.go:64	parse json error
2024-04-01 20:29:34	error	controller/comment.go:63	delete comment error
2024-04-02 16:54:38	error	service/user.go:56	mysql happen error
2024-04-02 18:45:06	error	controller/publish.go:22	文件上传失败
2024-04-02 18:50:16	error	controller/comment.go:84	parse json error
2024-04-02 18:56:15	error	controller/comment.go:84	parse json error
2024-04-02 18:58:07	error	controller/comment.go:84	parse json error
2024-04-02 18:59:47	error	controller/comment.go:84	parse json error
2024-04-02 19:03:16	error	controller/comment.go:84	parse json error
2024-04-02 19:03:32	error	controller/comment.go:83	parse json error
2024-04-02 19:04:56	error	controller/comment.go:83	parse json error
2024-04-02 19:06:33	error	controller/comment.go:83	parse json error
2024-04-02 19:07:42	error	controller/comment.go:83	parse json error
2024-04-02 19:09:10	error	controller/comment.go:83	parse json error
2024-04-02 19:12:07	error	controller/comment.go:83	parse json error
2024-04-02 19:13:13	error	controller/comment.go:83	parse json error
